<?xml version='1.0' encoding='UTF-8'?>
<testsuite hostname="Max" name="dmndpl.blomo.HelloWorldSpec" tests="2" errors="0" failures="0" skipped="0" time="0.794" timestamp="2021-02-03T17:08:54">
                     <properties>
      <property name="jline.esc.timeout" value="0"/><property name="jna.platform.library.path" value="/usr/lib:/usr/lib"/><property name="java.runtime.name" value="OpenJDK Runtime Environment"/><property name="sun.boot.library.path" value="/Users/andrei/.sdkman/candidates/java/8.0.275.hs-adpt/jre/lib"/><property name="java.vm.version" value="25.275-b01"/><property name="gopherProxySet" value="false"/><property name="java.vm.vendor" value="AdoptOpenJDK"/><property name="java.vendor.url" value="https://adoptopenjdk.net/"/><property name="path.separator" value=":"/><property name="jna.loaded" value="true"/><property name="java.vm.name" value="OpenJDK 64-Bit Server VM"/><property name="file.encoding.pkg" value="sun.io"/><property name="user.country" value="GB"/><property name="sun.java.launcher" value="SUN_STANDARD"/><property name="sun.os.patch.level" value="unknown"/><property name="jna.nosys" value="true"/><property name="java.vm.specification.name" value="Java Virtual Machine Specification"/><property name="user.dir" value="/Users/andrei/Documents/blomo"/><property name="java.runtime.version" value="1.8.0_275-b01"/><property name="java.awt.graphicsenv" value="sun.awt.CGraphicsEnvironment"/><property name="java.endorsed.dirs" value="/Users/andrei/.sdkman/candidates/java/8.0.275.hs-adpt/jre/lib/endorsed"/><property name="os.arch" value="x86_64"/><property name="java.io.tmpdir" value="/var/folders/__/xhxrtfts6074s_84n3cd_9q00000gp/T/"/><property name="line.separator" value="
"/><property name="java.vm.specification.vendor" value="Oracle Corporation"/><property name="log4j.ignoreTCL" value="true"/><property name="os.name" value="Mac OS X"/><property name="sun.jnu.encoding" value="UTF-8"/><property name="jnidispatch.path" value="/Users/andrei/Library/Caches/JNA/temp/jna5334683670602655994.tmp"/><property name="java.library.path" value="/Users/andrei/Library/Java/Extensions:/Library/Java/Extensions:/Network/Library/Java/Extensions:/System/Library/Java/Extensions:/usr/lib/java:."/><property name="java.specification.name" value="Java Platform API Specification"/><property name="java.class.version" value="52.0"/><property name="sun.management.compiler" value="HotSpot 64-Bit Tiered Compilers"/><property name="os.version" value="10.15.7"/><property name="swoval.tmpdir" value="/Users/andrei/.sbt/1.0"/><property name="user.home" value="/Users/andrei"/><property name="user.timezone" value="Europe/London"/><property name="java.awt.printerjob" value="sun.lwawt.macosx.CPrinterJob"/><property name="file.encoding" value="UTF-8"/><property name="java.specification.version" value="1.8"/><property name="java.class.path" value="/usr/local/Cellar/sbt/1.4.7/libexec/bin/sbt-launch.jar"/><property name="user.name" value="andrei"/><property name="jline.shutdownhook" value="false"/><property name="java.vm.specification.version" value="1.8"/><property name="sun.java.command" value="/usr/local/Cellar/sbt/1.4.7/libexec/bin/sbt-launch.jar"/><property name="java.home" value="/Users/andrei/.sdkman/candidates/java/8.0.275.hs-adpt/jre"/><property name="sun.arch.data.model" value="64"/><property name="user.language" value="en"/><property name="java.specification.vendor" value="Oracle Corporation"/><property name="awt.toolkit" value="sun.lwawt.macosx.LWCToolkit"/><property name="java.vm.info" value="mixed mode"/><property name="java.version" value="1.8.0_275"/><property name="java.ext.dirs" value="/Users/andrei/Library/Java/Extensions:/Users/andrei/.sdkman/candidates/java/8.0.275.hs-adpt/jre/lib/ext:/Library/Java/Extensions:/Network/Library/Java/Extensions:/System/Library/Java/Extensions:/usr/lib/java"/><property name="sun.boot.class.path" value="/Users/andrei/.sdkman/candidates/java/8.0.275.hs-adpt/jre/lib/resources.jar:/Users/andrei/.sdkman/candidates/java/8.0.275.hs-adpt/jre/lib/rt.jar:/Users/andrei/.sdkman/candidates/java/8.0.275.hs-adpt/jre/lib/sunrsasign.jar:/Users/andrei/.sdkman/candidates/java/8.0.275.hs-adpt/jre/lib/jsse.jar:/Users/andrei/.sdkman/candidates/java/8.0.275.hs-adpt/jre/lib/jce.jar:/Users/andrei/.sdkman/candidates/java/8.0.275.hs-adpt/jre/lib/charsets.jar:/Users/andrei/.sdkman/candidates/java/8.0.275.hs-adpt/jre/lib/jfr.jar:/Users/andrei/.sdkman/candidates/java/8.0.275.hs-adpt/jre/classes"/><property name="java.vendor" value="AdoptOpenJDK"/><property name="file.separator" value="/"/><property name="java.vendor.url.bug" value="https://github.com/AdoptOpenJDK/openjdk-support/issues"/><property name="sun.io.unicode.encoding" value="UnicodeBig"/><property name="sun.cpu.endian" value="little"/><property name="sun.cpu.isalist" value=""/>
    </properties>
                     <testcase classname="dmndpl.blomo.HelloWorldSpec" name="HelloWorld returns status code 200" time="0.695">
                                                 
                                               </testcase><testcase classname="dmndpl.blomo.HelloWorldSpec" name="HelloWorld returns hello world message" time="0.099">
                                                 
                                               </testcase>
                     <system-out><![CDATA[]]></system-out>
                     <system-err><![CDATA[]]></system-err>
                   </testsuite>